<?xml version="1.0" encoding="UTF-8"?>
<!-- Generated by org.testng.reporters.JUnitReportReporter -->
<testsuite hostname="Govardhan-PC" name="Pack1.ScrollDown" tests="1" failures="0" timestamp="24 Feb 2016 18:23:06 GMT" time="40.187" errors="0">
  <testcase name="test" time="40.187" classname="Pack1.ScrollDown"/>
</testsuite> <!-- Pack1.ScrollDown -->
