<?xml version="1.0" encoding="UTF-8"?>
<!-- Generated by org.testng.reporters.JUnitReportReporter -->
<testsuite hostname="Govardhan-PC" name="Pack1.MultipleWindowsHandling" tests="1" failures="0" timestamp="5 Feb 2016 18:33:17 GMT" time="15.025" errors="0">
  <testcase name="test" time="15.025" classname="Pack1.MultipleWindowsHandling"/>
</testsuite> <!-- Pack1.MultipleWindowsHandling -->
