<?xml version="1.0" encoding="UTF-8"?>
<!-- Generated by org.testng.reporters.JUnitReportReporter -->
<testsuite hostname="Govardhan-PC" name="Pack1.MouseOVerevents" tests="1" failures="0" timestamp="5 Feb 2016 17:55:30 GMT" time="15.585" errors="0">
  <testcase name="test" time="15.585" classname="Pack1.MouseOVerevents"/>
</testsuite> <!-- Pack1.MouseOVerevents -->
