<?xml version="1.0" encoding="UTF-8"?>
<!-- Generated by org.testng.reporters.JUnitReportReporter -->
<testsuite hostname="Govardhan-PC" name="Pack1.MouseOver_MarutiSuzuki" tests="1" failures="0" timestamp="5 Feb 2016 18:00:21 GMT" time="15.921" errors="0">
  <testcase name="test" time="15.921" classname="Pack1.MouseOver_MarutiSuzuki"/>
</testsuite> <!-- Pack1.MouseOver_MarutiSuzuki -->
