<?xml version="1.0" encoding="UTF-8"?>
<!-- Generated by org.testng.reporters.JUnitReportReporter -->
<testsuite hostname="Govardhan-PC" name="Pack1.TestsFrames" tests="1" failures="0" timestamp="5 Feb 2016 18:06:32 GMT" time="15.111" errors="0">
  <testcase name="test" time="15.111" classname="Pack1.TestsFrames"/>
</testsuite> <!-- Pack1.TestsFrames -->
